<?xml version="1.0" encoding="UTF-8"?>
<robot generator="Robot 6.1.1 (Python 3.12.0 on win32)" generated="20231205 18:14:28.898" rpa="false" schemaversion="4">
<suite id="s1" name="searchFlightNumber" source="C:\Users\Ada\Desktop\Sanber51\Kelompok6_Mobile_Test\suites\searchFlightNumber\searchFlightNumber.robot">
<test id="s1-t1" name="Verify Search Flight Number Successfully - Valid Flight Number" line="12">
<kw name="Verify Login Successfully" library="searchPage">
<kw name="open flight application" library="base">
<kw name="Open Application" library="AppiumLibrary">
<arg>remote_url=${remote-url}</arg>
<arg>platformName=${platform-name}</arg>
<arg>platformVersion=${platform-version}</arg>
<arg>deviceName=${device-name}</arg>
<arg>appPackage=${app-package}</arg>
<arg>appActivity=${app-activity}</arg>
<doc>Opens a new application to given Appium server.
Capabilities of appium server, Android and iOS,
Please check https://github.com/appium/appium/blob/master/docs/en/writing-running-appium/server-args.md
| *Option*            | *Man.* | *Description*     |
| remote_url          | Yes    | Appium server url |
| alias               | no     | alias             |
| strict_ssl          | No     | allows you to send commands to an invalid certificate host like a self-signed one. |</doc>
<status status="PASS" starttime="20231205 18:14:29.111" endtime="20231205 18:14:35.185"/>
</kw>
<status status="PASS" starttime="20231205 18:14:29.110" endtime="20231205 18:14:35.185"/>
</kw>
<kw name="Verify Homepage Appears" library="homePage">
<kw name="Wait Until Element Is Visible" library="AppiumLibrary">
<arg>${appLogo}</arg>
<doc>Waits until element specified with `locator` is visible.</doc>
<msg timestamp="20231205 18:14:36.070" level="INFO">xpath criteria: //android.widget.ImageView[@resource-id="com.example.myapplication:id/imageView4"]</msg>
<status status="PASS" starttime="20231205 18:14:35.185" endtime="20231205 18:14:36.070"/>
</kw>
<kw name="Wait Until Element Is Visible" library="AppiumLibrary">
<arg>${signInButton}</arg>
<doc>Waits until element specified with `locator` is visible.</doc>
<msg timestamp="20231205 18:14:36.144" level="INFO">xpath criteria: //android.widget.Button[@resource-id="com.example.myapplication:id/login"]</msg>
<status status="PASS" starttime="20231205 18:14:36.070" endtime="20231205 18:14:36.144"/>
</kw>
<kw name="Wait Until Element Is Visible" library="AppiumLibrary">
<arg>${searchButton}</arg>
<doc>Waits until element specified with `locator` is visible.</doc>
<msg timestamp="20231205 18:14:36.223" level="INFO">xpath criteria: //android.widget.Button[@resource-id="com.example.myapplication:id/button6" and @text="Search"]</msg>
<status status="PASS" starttime="20231205 18:14:36.144" endtime="20231205 18:14:36.223"/>
</kw>
<kw name="Wait Until Element Is Visible" library="AppiumLibrary">
<arg>${checkInButton}</arg>
<doc>Waits until element specified with `locator` is visible.</doc>
<msg timestamp="20231205 18:14:36.291" level="INFO">xpath criteria: //android.widget.Button[@resource-id="com.example.myapplication:id/button6" and @text="Check in"]</msg>
<status status="PASS" starttime="20231205 18:14:36.223" endtime="20231205 18:14:36.291"/>
</kw>
<status status="PASS" starttime="20231205 18:14:35.185" endtime="20231205 18:14:36.291"/>
</kw>
<kw name="Click Sign In on Homepage" library="homePage">
<kw name="Click Element" library="AppiumLibrary">
<arg>${signInButton}</arg>
<doc>Click element identified by `locator`.</doc>
<msg timestamp="20231205 18:14:36.293" level="INFO">Clicking element '//android.widget.Button[@resource-id="com.example.myapplication:id/login"]'.</msg>
<msg timestamp="20231205 18:14:36.444" level="INFO">xpath criteria: //android.widget.Button[@resource-id="com.example.myapplication:id/login"]</msg>
<status status="PASS" starttime="20231205 18:14:36.291" endtime="20231205 18:14:36.444"/>
</kw>
<status status="PASS" starttime="20231205 18:14:36.291" endtime="20231205 18:14:36.444"/>
</kw>
<kw name="Verify Sign In Page Appears" library="signInPage">
<kw name="Wait Until Element Is Visible" library="AppiumLibrary">
<arg>${appLogo2}</arg>
<doc>Waits until element specified with `locator` is visible.</doc>
<msg timestamp="20231205 18:14:37.145" level="INFO">xpath criteria: //android.widget.ImageView[@resource-id="com.example.myapplication:id/imageView3"]
xpath criteria: //android.widget.ImageView[@resource-id="com.example.myapplication:id/imageView3"]</msg>
<status status="PASS" starttime="20231205 18:14:36.445" endtime="20231205 18:14:37.145"/>
</kw>
<kw name="Wait Until Element Is Visible" library="AppiumLibrary">
<arg>${signInButton2}</arg>
<doc>Waits until element specified with `locator` is visible.</doc>
<msg timestamp="20231205 18:14:37.195" level="INFO">xpath criteria: //android.widget.Button[@resource-id="com.example.myapplication:id/signIn"]</msg>
<status status="PASS" starttime="20231205 18:14:37.145" endtime="20231205 18:14:37.195"/>
</kw>
<kw name="Wait Until Element Is Visible" library="AppiumLibrary">
<arg>${userNameField}</arg>
<doc>Waits until element specified with `locator` is visible.</doc>
<msg timestamp="20231205 18:14:37.251" level="INFO">xpath criteria: //android.widget.EditText[@resource-id="com.example.myapplication:id/username"]</msg>
<status status="PASS" starttime="20231205 18:14:37.195" endtime="20231205 18:14:37.252"/>
</kw>
<kw name="Wait Until Element Is Visible" library="AppiumLibrary">
<arg>${passwordField}</arg>
<doc>Waits until element specified with `locator` is visible.</doc>
<msg timestamp="20231205 18:14:37.303" level="INFO">xpath criteria: //android.widget.EditText[@resource-id="com.example.myapplication:id/password"]</msg>
<status status="PASS" starttime="20231205 18:14:37.252" endtime="20231205 18:14:37.303"/>
</kw>
<status status="PASS" starttime="20231205 18:14:36.444" endtime="20231205 18:14:37.303"/>
</kw>
<kw name="Input Valid User Name" library="signInPage">
<kw name="Input Text" library="AppiumLibrary">
<arg>${userNameField}</arg>
<arg>support@ngendigital.com</arg>
<doc>Types the given `text` into text field identified by `locator`.</doc>
<msg timestamp="20231205 18:14:37.304" level="INFO">Typing text 'support@ngendigital.com' into text field '//android.widget.EditText[@resource-id="com.example.myapplication:id/username"]'</msg>
<msg timestamp="20231205 18:14:37.375" level="INFO">xpath criteria: //android.widget.EditText[@resource-id="com.example.myapplication:id/username"]</msg>
<status status="PASS" starttime="20231205 18:14:37.303" endtime="20231205 18:14:37.375"/>
</kw>
<status status="PASS" starttime="20231205 18:14:37.303" endtime="20231205 18:14:37.375"/>
</kw>
<kw name="Input Valid Password" library="signInPage">
<kw name="Input Password" library="AppiumLibrary">
<arg>${passwordField}</arg>
<arg>abc123</arg>
<doc>Types the given password into text field identified by `locator`.</doc>
<msg timestamp="20231205 18:14:37.377" level="INFO">Typing password into text field '//android.widget.EditText[@resource-id="com.example.myapplication:id/password"]'</msg>
<msg timestamp="20231205 18:14:38.184" level="INFO">xpath criteria: //android.widget.EditText[@resource-id="com.example.myapplication:id/password"]</msg>
<status status="PASS" starttime="20231205 18:14:37.375" endtime="20231205 18:14:38.184"/>
</kw>
<status status="PASS" starttime="20231205 18:14:37.375" endtime="20231205 18:14:38.184"/>
</kw>
<kw name="Click Sign In Button" library="signInPage">
<kw name="Click Element" library="AppiumLibrary">
<arg>${signInButton2}</arg>
<doc>Click element identified by `locator`.</doc>
<msg timestamp="20231205 18:14:38.186" level="INFO">Clicking element '//android.widget.Button[@resource-id="com.example.myapplication:id/signIn"]'.</msg>
<msg timestamp="20231205 18:14:38.715" level="INFO">xpath criteria: //android.widget.Button[@resource-id="com.example.myapplication:id/signIn"]</msg>
<status status="PASS" starttime="20231205 18:14:38.185" endtime="20231205 18:14:38.715"/>
</kw>
<status status="PASS" starttime="20231205 18:14:38.184" endtime="20231205 18:14:38.715"/>
</kw>
<kw name="Verify Dashboard Page Appears" library="dashboardPage">
<kw name="Wait Until Element Is Visible" library="AppiumLibrary">
<arg>${userName}</arg>
<doc>Waits until element specified with `locator` is visible.</doc>
<msg timestamp="20231205 18:14:39.344" level="INFO">xpath criteria: //android.widget.TextView[@resource-id="com.example.myapplication:id/textView"]
xpath criteria: //android.widget.TextView[@resource-id="com.example.myapplication:id/textView"]</msg>
<status status="PASS" starttime="20231205 18:14:38.716" endtime="20231205 18:14:39.344"/>
</kw>
<kw name="Wait Until Element Is Visible" library="AppiumLibrary">
<arg>${signOutButton}</arg>
<doc>Waits until element specified with `locator` is visible.</doc>
<msg timestamp="20231205 18:14:39.392" level="INFO">xpath criteria: //android.widget.Button[@resource-id="com.example.myapplication:id/login"]</msg>
<status status="PASS" starttime="20231205 18:14:39.344" endtime="20231205 18:14:39.392"/>
</kw>
<kw name="Element Text Should Be" library="AppiumLibrary">
<arg>${signOutButton}</arg>
<arg>Sign Out</arg>
<doc>Verifies element identified by ``locator`` exactly contains text ``expected``.</doc>
<msg timestamp="20231205 18:14:39.393" level="INFO">Verifying element '//android.widget.Button[@resource-id="com.example.myapplication:id/login"]' contains exactly text 'Sign Out'.</msg>
<msg timestamp="20231205 18:14:39.436" level="INFO">xpath criteria: //android.widget.Button[@resource-id="com.example.myapplication:id/login"]</msg>
<status status="PASS" starttime="20231205 18:14:39.392" endtime="20231205 18:14:39.436"/>
</kw>
<status status="PASS" starttime="20231205 18:14:38.715" endtime="20231205 18:14:39.436"/>
</kw>
<status status="PASS" starttime="20231205 18:14:29.110" endtime="20231205 18:14:39.436"/>
</kw>
<kw name="Click Search Flight Number">
<kw name="Click Element" library="AppiumLibrary">
<arg>//android.widget.Button[@resource-id="com.example.myapplication:id/search_flight"]</arg>
<doc>Click element identified by `locator`.</doc>
<msg timestamp="20231205 18:14:39.437" level="INFO">Clicking element '//android.widget.Button[@resource-id="com.example.myapplication:id/search_flight"]'.</msg>
<msg timestamp="20231205 18:14:39.520" level="INFO">xpath criteria: //android.widget.Button[@resource-id="com.example.myapplication:id/search_flight"]</msg>
<status status="PASS" starttime="20231205 18:14:39.436" endtime="20231205 18:14:39.520"/>
</kw>
<status status="PASS" starttime="20231205 18:14:39.436" endtime="20231205 18:14:39.520"/>
</kw>
<kw name="Verify Search Page Appears" library="searchPage">
<kw name="Wait Until Element Is Visible" library="AppiumLibrary">
<arg>${flightNumberTitleField}</arg>
<doc>Waits until element specified with `locator` is visible.</doc>
<msg timestamp="20231205 18:14:40.514" level="INFO">xpath criteria: //android.widget.TextView[@resource-id="com.example.myapplication:id/enterFlight"]
xpath criteria: //android.widget.TextView[@resource-id="com.example.myapplication:id/enterFlight"]</msg>
<status status="PASS" starttime="20231205 18:14:39.520" endtime="20231205 18:14:40.514"/>
</kw>
<kw name="Wait Until Element Is Visible" library="AppiumLibrary">
<arg>${enterFlightNumberField}</arg>
<doc>Waits until element specified with `locator` is visible.</doc>
<msg timestamp="20231205 18:14:40.555" level="INFO">xpath criteria: //android.widget.EditText[@resource-id="com.example.myapplication:id/flight_number"]</msg>
<status status="PASS" starttime="20231205 18:14:40.514" endtime="20231205 18:14:40.555"/>
</kw>
<kw name="Wait Until Element Is Visible" library="AppiumLibrary">
<arg>${searchFlightButton2}</arg>
<doc>Waits until element specified with `locator` is visible.</doc>
<msg timestamp="20231205 18:14:40.593" level="INFO">xpath criteria: //android.widget.Button[@resource-id="com.example.myapplication:id/searchFlight"]</msg>
<status status="PASS" starttime="20231205 18:14:40.555" endtime="20231205 18:14:40.594"/>
</kw>
<status status="PASS" starttime="20231205 18:14:39.520" endtime="20231205 18:14:40.594"/>
</kw>
<kw name="Input Valid Flight Number" library="searchPage">
<kw name="Input Text" library="AppiumLibrary">
<arg>${enterFlightNumberField}</arg>
<arg>DA935</arg>
<doc>Types the given `text` into text field identified by `locator`.</doc>
<msg timestamp="20231205 18:14:40.595" level="INFO">Typing text 'DA935' into text field '//android.widget.EditText[@resource-id="com.example.myapplication:id/flight_number"]'</msg>
<msg timestamp="20231205 18:14:40.653" level="INFO">xpath criteria: //android.widget.EditText[@resource-id="com.example.myapplication:id/flight_number"]</msg>
<status status="PASS" starttime="20231205 18:14:40.594" endtime="20231205 18:14:40.653"/>
</kw>
<status status="PASS" starttime="20231205 18:14:40.594" endtime="20231205 18:14:40.654"/>
</kw>
<kw name="Click Search Flight Number Button" library="searchPage">
<kw name="Click Element" library="AppiumLibrary">
<arg>${searchFlightButton2}</arg>
<doc>Click element identified by `locator`.</doc>
<msg timestamp="20231205 18:14:40.656" level="INFO">Clicking element '//android.widget.Button[@resource-id="com.example.myapplication:id/searchFlight"]'.</msg>
<msg timestamp="20231205 18:14:41.216" level="INFO">xpath criteria: //android.widget.Button[@resource-id="com.example.myapplication:id/searchFlight"]</msg>
<status status="PASS" starttime="20231205 18:14:40.654" endtime="20231205 18:14:41.216"/>
</kw>
<status status="PASS" starttime="20231205 18:14:40.654" endtime="20231205 18:14:41.216"/>
</kw>
<kw name="Verify Flight Number Appears" library="searchPage">
<kw name="Wait Until Element Is Visible" library="AppiumLibrary">
<arg>${flightNumber}</arg>
<doc>Waits until element specified with `locator` is visible.</doc>
<msg timestamp="20231205 18:14:41.869" level="INFO">xpath criteria: //android.widget.TextView[@text="DA 935"]
xpath criteria: //android.widget.TextView[@text="DA 935"]</msg>
<status status="PASS" starttime="20231205 18:14:41.216" endtime="20231205 18:14:41.869"/>
</kw>
<status status="PASS" starttime="20231205 18:14:41.216" endtime="20231205 18:14:41.870"/>
</kw>
<kw name="Close Application" library="AppiumLibrary">
<doc>Closes the current application and also close webdriver session.</doc>
<status status="PASS" starttime="20231205 18:14:41.870" endtime="20231205 18:14:42.159"/>
</kw>
<status status="PASS" starttime="20231205 18:14:29.110" endtime="20231205 18:14:42.159"/>
</test>
<test id="s1-t2" name="Verify Failed Search Flight Number - Invalid Flight Number" line="21">
<kw name="Verify Login Successfully" library="searchPage">
<kw name="open flight application" library="base">
<kw name="Open Application" library="AppiumLibrary">
<arg>remote_url=${remote-url}</arg>
<arg>platformName=${platform-name}</arg>
<arg>platformVersion=${platform-version}</arg>
<arg>deviceName=${device-name}</arg>
<arg>appPackage=${app-package}</arg>
<arg>appActivity=${app-activity}</arg>
<doc>Opens a new application to given Appium server.
Capabilities of appium server, Android and iOS,
Please check https://github.com/appium/appium/blob/master/docs/en/writing-running-appium/server-args.md
| *Option*            | *Man.* | *Description*     |
| remote_url          | Yes    | Appium server url |
| alias               | no     | alias             |
| strict_ssl          | No     | allows you to send commands to an invalid certificate host like a self-signed one. |</doc>
<status status="PASS" starttime="20231205 18:14:42.163" endtime="20231205 18:14:48.155"/>
</kw>
<status status="PASS" starttime="20231205 18:14:42.161" endtime="20231205 18:14:48.155"/>
</kw>
<kw name="Verify Homepage Appears" library="homePage">
<kw name="Wait Until Element Is Visible" library="AppiumLibrary">
<arg>${appLogo}</arg>
<doc>Waits until element specified with `locator` is visible.</doc>
<msg timestamp="20231205 18:14:49.016" level="INFO">xpath criteria: //android.widget.ImageView[@resource-id="com.example.myapplication:id/imageView4"]</msg>
<status status="PASS" starttime="20231205 18:14:48.155" endtime="20231205 18:14:49.016"/>
</kw>
<kw name="Wait Until Element Is Visible" library="AppiumLibrary">
<arg>${signInButton}</arg>
<doc>Waits until element specified with `locator` is visible.</doc>
<msg timestamp="20231205 18:14:49.079" level="INFO">xpath criteria: //android.widget.Button[@resource-id="com.example.myapplication:id/login"]</msg>
<status status="PASS" starttime="20231205 18:14:49.016" endtime="20231205 18:14:49.079"/>
</kw>
<kw name="Wait Until Element Is Visible" library="AppiumLibrary">
<arg>${searchButton}</arg>
<doc>Waits until element specified with `locator` is visible.</doc>
<msg timestamp="20231205 18:14:49.142" level="INFO">xpath criteria: //android.widget.Button[@resource-id="com.example.myapplication:id/button6" and @text="Search"]</msg>
<status status="PASS" starttime="20231205 18:14:49.079" endtime="20231205 18:14:49.142"/>
</kw>
<kw name="Wait Until Element Is Visible" library="AppiumLibrary">
<arg>${checkInButton}</arg>
<doc>Waits until element specified with `locator` is visible.</doc>
<msg timestamp="20231205 18:14:49.239" level="INFO">xpath criteria: //android.widget.Button[@resource-id="com.example.myapplication:id/button6" and @text="Check in"]</msg>
<status status="PASS" starttime="20231205 18:14:49.142" endtime="20231205 18:14:49.241"/>
</kw>
<status status="PASS" starttime="20231205 18:14:48.155" endtime="20231205 18:14:49.241"/>
</kw>
<kw name="Click Sign In on Homepage" library="homePage">
<kw name="Click Element" library="AppiumLibrary">
<arg>${signInButton}</arg>
<doc>Click element identified by `locator`.</doc>
<msg timestamp="20231205 18:14:49.243" level="INFO">Clicking element '//android.widget.Button[@resource-id="com.example.myapplication:id/login"]'.</msg>
<msg timestamp="20231205 18:14:49.349" level="INFO">xpath criteria: //android.widget.Button[@resource-id="com.example.myapplication:id/login"]</msg>
<status status="PASS" starttime="20231205 18:14:49.241" endtime="20231205 18:14:49.349"/>
</kw>
<status status="PASS" starttime="20231205 18:14:49.241" endtime="20231205 18:14:49.349"/>
</kw>
<kw name="Verify Sign In Page Appears" library="signInPage">
<kw name="Wait Until Element Is Visible" library="AppiumLibrary">
<arg>${appLogo2}</arg>
<doc>Waits until element specified with `locator` is visible.</doc>
<msg timestamp="20231205 18:14:50.105" level="INFO">xpath criteria: //android.widget.ImageView[@resource-id="com.example.myapplication:id/imageView3"]
xpath criteria: //android.widget.ImageView[@resource-id="com.example.myapplication:id/imageView3"]</msg>
<status status="PASS" starttime="20231205 18:14:49.349" endtime="20231205 18:14:50.105"/>
</kw>
<kw name="Wait Until Element Is Visible" library="AppiumLibrary">
<arg>${signInButton2}</arg>
<doc>Waits until element specified with `locator` is visible.</doc>
<msg timestamp="20231205 18:14:50.155" level="INFO">xpath criteria: //android.widget.Button[@resource-id="com.example.myapplication:id/signIn"]</msg>
<status status="PASS" starttime="20231205 18:14:50.105" endtime="20231205 18:14:50.155"/>
</kw>
<kw name="Wait Until Element Is Visible" library="AppiumLibrary">
<arg>${userNameField}</arg>
<doc>Waits until element specified with `locator` is visible.</doc>
<msg timestamp="20231205 18:14:50.206" level="INFO">xpath criteria: //android.widget.EditText[@resource-id="com.example.myapplication:id/username"]</msg>
<status status="PASS" starttime="20231205 18:14:50.155" endtime="20231205 18:14:50.206"/>
</kw>
<kw name="Wait Until Element Is Visible" library="AppiumLibrary">
<arg>${passwordField}</arg>
<doc>Waits until element specified with `locator` is visible.</doc>
<msg timestamp="20231205 18:14:50.265" level="INFO">xpath criteria: //android.widget.EditText[@resource-id="com.example.myapplication:id/password"]</msg>
<status status="PASS" starttime="20231205 18:14:50.206" endtime="20231205 18:14:50.265"/>
</kw>
<status status="PASS" starttime="20231205 18:14:49.349" endtime="20231205 18:14:50.265"/>
</kw>
<kw name="Input Valid User Name" library="signInPage">
<kw name="Input Text" library="AppiumLibrary">
<arg>${userNameField}</arg>
<arg>support@ngendigital.com</arg>
<doc>Types the given `text` into text field identified by `locator`.</doc>
<msg timestamp="20231205 18:14:50.266" level="INFO">Typing text 'support@ngendigital.com' into text field '//android.widget.EditText[@resource-id="com.example.myapplication:id/username"]'</msg>
<msg timestamp="20231205 18:14:50.329" level="INFO">xpath criteria: //android.widget.EditText[@resource-id="com.example.myapplication:id/username"]</msg>
<status status="PASS" starttime="20231205 18:14:50.265" endtime="20231205 18:14:50.329"/>
</kw>
<status status="PASS" starttime="20231205 18:14:50.265" endtime="20231205 18:14:50.329"/>
</kw>
<kw name="Input Valid Password" library="signInPage">
<kw name="Input Password" library="AppiumLibrary">
<arg>${passwordField}</arg>
<arg>abc123</arg>
<doc>Types the given password into text field identified by `locator`.</doc>
<msg timestamp="20231205 18:14:50.332" level="INFO">Typing password into text field '//android.widget.EditText[@resource-id="com.example.myapplication:id/password"]'</msg>
<msg timestamp="20231205 18:14:50.873" level="INFO">xpath criteria: //android.widget.EditText[@resource-id="com.example.myapplication:id/password"]</msg>
<status status="PASS" starttime="20231205 18:14:50.329" endtime="20231205 18:14:50.873"/>
</kw>
<status status="PASS" starttime="20231205 18:14:50.329" endtime="20231205 18:14:50.874"/>
</kw>
<kw name="Click Sign In Button" library="signInPage">
<kw name="Click Element" library="AppiumLibrary">
<arg>${signInButton2}</arg>
<doc>Click element identified by `locator`.</doc>
<msg timestamp="20231205 18:14:50.875" level="INFO">Clicking element '//android.widget.Button[@resource-id="com.example.myapplication:id/signIn"]'.</msg>
<msg timestamp="20231205 18:14:51.449" level="INFO">xpath criteria: //android.widget.Button[@resource-id="com.example.myapplication:id/signIn"]</msg>
<status status="PASS" starttime="20231205 18:14:50.874" endtime="20231205 18:14:51.449"/>
</kw>
<status status="PASS" starttime="20231205 18:14:50.874" endtime="20231205 18:14:51.449"/>
</kw>
<kw name="Verify Dashboard Page Appears" library="dashboardPage">
<kw name="Wait Until Element Is Visible" library="AppiumLibrary">
<arg>${userName}</arg>
<doc>Waits until element specified with `locator` is visible.</doc>
<msg timestamp="20231205 18:14:52.084" level="INFO">xpath criteria: //android.widget.TextView[@resource-id="com.example.myapplication:id/textView"]
xpath criteria: //android.widget.TextView[@resource-id="com.example.myapplication:id/textView"]</msg>
<status status="PASS" starttime="20231205 18:14:51.449" endtime="20231205 18:14:52.084"/>
</kw>
<kw name="Wait Until Element Is Visible" library="AppiumLibrary">
<arg>${signOutButton}</arg>
<doc>Waits until element specified with `locator` is visible.</doc>
<msg timestamp="20231205 18:14:52.132" level="INFO">xpath criteria: //android.widget.Button[@resource-id="com.example.myapplication:id/login"]</msg>
<status status="PASS" starttime="20231205 18:14:52.084" endtime="20231205 18:14:52.133"/>
</kw>
<kw name="Element Text Should Be" library="AppiumLibrary">
<arg>${signOutButton}</arg>
<arg>Sign Out</arg>
<doc>Verifies element identified by ``locator`` exactly contains text ``expected``.</doc>
<msg timestamp="20231205 18:14:52.134" level="INFO">Verifying element '//android.widget.Button[@resource-id="com.example.myapplication:id/login"]' contains exactly text 'Sign Out'.</msg>
<msg timestamp="20231205 18:14:52.178" level="INFO">xpath criteria: //android.widget.Button[@resource-id="com.example.myapplication:id/login"]</msg>
<status status="PASS" starttime="20231205 18:14:52.133" endtime="20231205 18:14:52.178"/>
</kw>
<status status="PASS" starttime="20231205 18:14:51.449" endtime="20231205 18:14:52.178"/>
</kw>
<status status="PASS" starttime="20231205 18:14:42.161" endtime="20231205 18:14:52.178"/>
</kw>
<kw name="Click Search Flight Number">
<kw name="Click Element" library="AppiumLibrary">
<arg>//android.widget.Button[@resource-id="com.example.myapplication:id/search_flight"]</arg>
<doc>Click element identified by `locator`.</doc>
<msg timestamp="20231205 18:14:52.180" level="INFO">Clicking element '//android.widget.Button[@resource-id="com.example.myapplication:id/search_flight"]'.</msg>
<msg timestamp="20231205 18:14:52.265" level="INFO">xpath criteria: //android.widget.Button[@resource-id="com.example.myapplication:id/search_flight"]</msg>
<status status="PASS" starttime="20231205 18:14:52.179" endtime="20231205 18:14:52.265"/>
</kw>
<status status="PASS" starttime="20231205 18:14:52.179" endtime="20231205 18:14:52.265"/>
</kw>
<kw name="Verify Search Page Appears" library="searchPage">
<kw name="Wait Until Element Is Visible" library="AppiumLibrary">
<arg>${flightNumberTitleField}</arg>
<doc>Waits until element specified with `locator` is visible.</doc>
<msg timestamp="20231205 18:14:53.306" level="INFO">xpath criteria: //android.widget.TextView[@resource-id="com.example.myapplication:id/enterFlight"]
xpath criteria: //android.widget.TextView[@resource-id="com.example.myapplication:id/enterFlight"]</msg>
<status status="PASS" starttime="20231205 18:14:52.266" endtime="20231205 18:14:53.306"/>
</kw>
<kw name="Wait Until Element Is Visible" library="AppiumLibrary">
<arg>${enterFlightNumberField}</arg>
<doc>Waits until element specified with `locator` is visible.</doc>
<msg timestamp="20231205 18:14:53.356" level="INFO">xpath criteria: //android.widget.EditText[@resource-id="com.example.myapplication:id/flight_number"]</msg>
<status status="PASS" starttime="20231205 18:14:53.306" endtime="20231205 18:14:53.356"/>
</kw>
<kw name="Wait Until Element Is Visible" library="AppiumLibrary">
<arg>${searchFlightButton2}</arg>
<doc>Waits until element specified with `locator` is visible.</doc>
<msg timestamp="20231205 18:14:53.409" level="INFO">xpath criteria: //android.widget.Button[@resource-id="com.example.myapplication:id/searchFlight"]</msg>
<status status="PASS" starttime="20231205 18:14:53.356" endtime="20231205 18:14:53.409"/>
</kw>
<status status="PASS" starttime="20231205 18:14:52.266" endtime="20231205 18:14:53.409"/>
</kw>
<kw name="Input Invalid Flight Number" library="searchPage">
<kw name="Input Text" library="AppiumLibrary">
<arg>${enterFlightNumberField}</arg>
<arg>DA123</arg>
<doc>Types the given `text` into text field identified by `locator`.</doc>
<msg timestamp="20231205 18:14:53.412" level="INFO">Typing text 'DA123' into text field '//android.widget.EditText[@resource-id="com.example.myapplication:id/flight_number"]'</msg>
<msg timestamp="20231205 18:14:53.488" level="INFO">xpath criteria: //android.widget.EditText[@resource-id="com.example.myapplication:id/flight_number"]</msg>
<status status="PASS" starttime="20231205 18:14:53.411" endtime="20231205 18:14:53.488"/>
</kw>
<status status="PASS" starttime="20231205 18:14:53.409" endtime="20231205 18:14:53.488"/>
</kw>
<kw name="Click Search Flight Number Button" library="searchPage">
<kw name="Click Element" library="AppiumLibrary">
<arg>${searchFlightButton2}</arg>
<doc>Click element identified by `locator`.</doc>
<msg timestamp="20231205 18:14:53.491" level="INFO">Clicking element '//android.widget.Button[@resource-id="com.example.myapplication:id/searchFlight"]'.</msg>
<msg timestamp="20231205 18:14:54.052" level="INFO">xpath criteria: //android.widget.Button[@resource-id="com.example.myapplication:id/searchFlight"]</msg>
<status status="PASS" starttime="20231205 18:14:53.489" endtime="20231205 18:14:54.052"/>
</kw>
<status status="PASS" starttime="20231205 18:14:53.489" endtime="20231205 18:14:54.052"/>
</kw>
<kw name="Close Application" library="AppiumLibrary">
<doc>Closes the current application and also close webdriver session.</doc>
<status status="PASS" starttime="20231205 18:14:54.053" endtime="20231205 18:14:54.417"/>
</kw>
<status status="PASS" starttime="20231205 18:14:42.161" endtime="20231205 18:14:54.419"/>
</test>
<test id="s1-t3" name="Verify Failed Search Flight Number - Empty Flight Number" line="29">
<kw name="Verify Login Successfully" library="searchPage">
<kw name="open flight application" library="base">
<kw name="Open Application" library="AppiumLibrary">
<arg>remote_url=${remote-url}</arg>
<arg>platformName=${platform-name}</arg>
<arg>platformVersion=${platform-version}</arg>
<arg>deviceName=${device-name}</arg>
<arg>appPackage=${app-package}</arg>
<arg>appActivity=${app-activity}</arg>
<doc>Opens a new application to given Appium server.
Capabilities of appium server, Android and iOS,
Please check https://github.com/appium/appium/blob/master/docs/en/writing-running-appium/server-args.md
| *Option*            | *Man.* | *Description*     |
| remote_url          | Yes    | Appium server url |
| alias               | no     | alias             |
| strict_ssl          | No     | allows you to send commands to an invalid certificate host like a self-signed one. |</doc>
<status status="PASS" starttime="20231205 18:14:54.420" endtime="20231205 18:15:00.375"/>
</kw>
<status status="PASS" starttime="20231205 18:14:54.420" endtime="20231205 18:15:00.375"/>
</kw>
<kw name="Verify Homepage Appears" library="homePage">
<kw name="Wait Until Element Is Visible" library="AppiumLibrary">
<arg>${appLogo}</arg>
<doc>Waits until element specified with `locator` is visible.</doc>
<msg timestamp="20231205 18:15:01.643" level="INFO">xpath criteria: //android.widget.ImageView[@resource-id="com.example.myapplication:id/imageView4"]</msg>
<status status="PASS" starttime="20231205 18:15:00.375" endtime="20231205 18:15:01.643"/>
</kw>
<kw name="Wait Until Element Is Visible" library="AppiumLibrary">
<arg>${signInButton}</arg>
<doc>Waits until element specified with `locator` is visible.</doc>
<msg timestamp="20231205 18:15:01.721" level="INFO">xpath criteria: //android.widget.Button[@resource-id="com.example.myapplication:id/login"]</msg>
<status status="PASS" starttime="20231205 18:15:01.643" endtime="20231205 18:15:01.721"/>
</kw>
<kw name="Wait Until Element Is Visible" library="AppiumLibrary">
<arg>${searchButton}</arg>
<doc>Waits until element specified with `locator` is visible.</doc>
<msg timestamp="20231205 18:15:01.792" level="INFO">xpath criteria: //android.widget.Button[@resource-id="com.example.myapplication:id/button6" and @text="Search"]</msg>
<status status="PASS" starttime="20231205 18:15:01.721" endtime="20231205 18:15:01.792"/>
</kw>
<kw name="Wait Until Element Is Visible" library="AppiumLibrary">
<arg>${checkInButton}</arg>
<doc>Waits until element specified with `locator` is visible.</doc>
<msg timestamp="20231205 18:15:01.877" level="INFO">xpath criteria: //android.widget.Button[@resource-id="com.example.myapplication:id/button6" and @text="Check in"]</msg>
<status status="PASS" starttime="20231205 18:15:01.792" endtime="20231205 18:15:01.877"/>
</kw>
<status status="PASS" starttime="20231205 18:15:00.375" endtime="20231205 18:15:01.877"/>
</kw>
<kw name="Click Sign In on Homepage" library="homePage">
<kw name="Click Element" library="AppiumLibrary">
<arg>${signInButton}</arg>
<doc>Click element identified by `locator`.</doc>
<msg timestamp="20231205 18:15:01.878" level="INFO">Clicking element '//android.widget.Button[@resource-id="com.example.myapplication:id/login"]'.</msg>
<msg timestamp="20231205 18:15:01.999" level="INFO">xpath criteria: //android.widget.Button[@resource-id="com.example.myapplication:id/login"]</msg>
<status status="PASS" starttime="20231205 18:15:01.877" endtime="20231205 18:15:01.999"/>
</kw>
<status status="PASS" starttime="20231205 18:15:01.877" endtime="20231205 18:15:01.999"/>
</kw>
<kw name="Verify Sign In Page Appears" library="signInPage">
<kw name="Wait Until Element Is Visible" library="AppiumLibrary">
<arg>${appLogo2}</arg>
<doc>Waits until element specified with `locator` is visible.</doc>
<msg timestamp="20231205 18:15:02.779" level="INFO">xpath criteria: //android.widget.ImageView[@resource-id="com.example.myapplication:id/imageView3"]
xpath criteria: //android.widget.ImageView[@resource-id="com.example.myapplication:id/imageView3"]</msg>
<status status="PASS" starttime="20231205 18:15:02.000" endtime="20231205 18:15:02.779"/>
</kw>
<kw name="Wait Until Element Is Visible" library="AppiumLibrary">
<arg>${signInButton2}</arg>
<doc>Waits until element specified with `locator` is visible.</doc>
<msg timestamp="20231205 18:15:02.840" level="INFO">xpath criteria: //android.widget.Button[@resource-id="com.example.myapplication:id/signIn"]</msg>
<status status="PASS" starttime="20231205 18:15:02.781" endtime="20231205 18:15:02.840"/>
</kw>
<kw name="Wait Until Element Is Visible" library="AppiumLibrary">
<arg>${userNameField}</arg>
<doc>Waits until element specified with `locator` is visible.</doc>
<msg timestamp="20231205 18:15:02.885" level="INFO">xpath criteria: //android.widget.EditText[@resource-id="com.example.myapplication:id/username"]</msg>
<status status="PASS" starttime="20231205 18:15:02.840" endtime="20231205 18:15:02.885"/>
</kw>
<kw name="Wait Until Element Is Visible" library="AppiumLibrary">
<arg>${passwordField}</arg>
<doc>Waits until element specified with `locator` is visible.</doc>
<msg timestamp="20231205 18:15:02.935" level="INFO">xpath criteria: //android.widget.EditText[@resource-id="com.example.myapplication:id/password"]</msg>
<status status="PASS" starttime="20231205 18:15:02.885" endtime="20231205 18:15:02.935"/>
</kw>
<status status="PASS" starttime="20231205 18:15:01.999" endtime="20231205 18:15:02.935"/>
</kw>
<kw name="Input Valid User Name" library="signInPage">
<kw name="Input Text" library="AppiumLibrary">
<arg>${userNameField}</arg>
<arg>support@ngendigital.com</arg>
<doc>Types the given `text` into text field identified by `locator`.</doc>
<msg timestamp="20231205 18:15:02.936" level="INFO">Typing text 'support@ngendigital.com' into text field '//android.widget.EditText[@resource-id="com.example.myapplication:id/username"]'</msg>
<msg timestamp="20231205 18:15:03.000" level="INFO">xpath criteria: //android.widget.EditText[@resource-id="com.example.myapplication:id/username"]</msg>
<status status="PASS" starttime="20231205 18:15:02.935" endtime="20231205 18:15:03.000"/>
</kw>
<status status="PASS" starttime="20231205 18:15:02.935" endtime="20231205 18:15:03.000"/>
</kw>
<kw name="Input Valid Password" library="signInPage">
<kw name="Input Password" library="AppiumLibrary">
<arg>${passwordField}</arg>
<arg>abc123</arg>
<doc>Types the given password into text field identified by `locator`.</doc>
<msg timestamp="20231205 18:15:03.003" level="INFO">Typing password into text field '//android.widget.EditText[@resource-id="com.example.myapplication:id/password"]'</msg>
<msg timestamp="20231205 18:15:03.553" level="INFO">xpath criteria: //android.widget.EditText[@resource-id="com.example.myapplication:id/password"]</msg>
<status status="PASS" starttime="20231205 18:15:03.001" endtime="20231205 18:15:03.553"/>
</kw>
<status status="PASS" starttime="20231205 18:15:03.000" endtime="20231205 18:15:03.553"/>
</kw>
<kw name="Click Sign In Button" library="signInPage">
<kw name="Click Element" library="AppiumLibrary">
<arg>${signInButton2}</arg>
<doc>Click element identified by `locator`.</doc>
<msg timestamp="20231205 18:15:03.555" level="INFO">Clicking element '//android.widget.Button[@resource-id="com.example.myapplication:id/signIn"]'.</msg>
<msg timestamp="20231205 18:15:04.082" level="INFO">xpath criteria: //android.widget.Button[@resource-id="com.example.myapplication:id/signIn"]</msg>
<status status="PASS" starttime="20231205 18:15:03.554" endtime="20231205 18:15:04.082"/>
</kw>
<status status="PASS" starttime="20231205 18:15:03.553" endtime="20231205 18:15:04.082"/>
</kw>
<kw name="Verify Dashboard Page Appears" library="dashboardPage">
<kw name="Wait Until Element Is Visible" library="AppiumLibrary">
<arg>${userName}</arg>
<doc>Waits until element specified with `locator` is visible.</doc>
<msg timestamp="20231205 18:15:04.731" level="INFO">xpath criteria: //android.widget.TextView[@resource-id="com.example.myapplication:id/textView"]
xpath criteria: //android.widget.TextView[@resource-id="com.example.myapplication:id/textView"]</msg>
<status status="PASS" starttime="20231205 18:15:04.083" endtime="20231205 18:15:04.731"/>
</kw>
<kw name="Wait Until Element Is Visible" library="AppiumLibrary">
<arg>${signOutButton}</arg>
<doc>Waits until element specified with `locator` is visible.</doc>
<msg timestamp="20231205 18:15:04.776" level="INFO">xpath criteria: //android.widget.Button[@resource-id="com.example.myapplication:id/login"]</msg>
<status status="PASS" starttime="20231205 18:15:04.731" endtime="20231205 18:15:04.776"/>
</kw>
<kw name="Element Text Should Be" library="AppiumLibrary">
<arg>${signOutButton}</arg>
<arg>Sign Out</arg>
<doc>Verifies element identified by ``locator`` exactly contains text ``expected``.</doc>
<msg timestamp="20231205 18:15:04.778" level="INFO">Verifying element '//android.widget.Button[@resource-id="com.example.myapplication:id/login"]' contains exactly text 'Sign Out'.</msg>
<msg timestamp="20231205 18:15:04.817" level="INFO">xpath criteria: //android.widget.Button[@resource-id="com.example.myapplication:id/login"]</msg>
<status status="PASS" starttime="20231205 18:15:04.776" endtime="20231205 18:15:04.817"/>
</kw>
<status status="PASS" starttime="20231205 18:15:04.083" endtime="20231205 18:15:04.817"/>
</kw>
<status status="PASS" starttime="20231205 18:14:54.420" endtime="20231205 18:15:04.817"/>
</kw>
<kw name="Click Search Flight Number">
<kw name="Click Element" library="AppiumLibrary">
<arg>//android.widget.Button[@resource-id="com.example.myapplication:id/search_flight"]</arg>
<doc>Click element identified by `locator`.</doc>
<msg timestamp="20231205 18:15:04.819" level="INFO">Clicking element '//android.widget.Button[@resource-id="com.example.myapplication:id/search_flight"]'.</msg>
<msg timestamp="20231205 18:15:04.902" level="INFO">xpath criteria: //android.widget.Button[@resource-id="com.example.myapplication:id/search_flight"]</msg>
<status status="PASS" starttime="20231205 18:15:04.818" endtime="20231205 18:15:04.902"/>
</kw>
<status status="PASS" starttime="20231205 18:15:04.817" endtime="20231205 18:15:04.902"/>
</kw>
<kw name="Verify Search Page Appears" library="searchPage">
<kw name="Wait Until Element Is Visible" library="AppiumLibrary">
<arg>${flightNumberTitleField}</arg>
<doc>Waits until element specified with `locator` is visible.</doc>
<msg timestamp="20231205 18:15:05.894" level="INFO">xpath criteria: //android.widget.TextView[@resource-id="com.example.myapplication:id/enterFlight"]
xpath criteria: //android.widget.TextView[@resource-id="com.example.myapplication:id/enterFlight"]</msg>
<status status="PASS" starttime="20231205 18:15:04.903" endtime="20231205 18:15:05.894"/>
</kw>
<kw name="Wait Until Element Is Visible" library="AppiumLibrary">
<arg>${enterFlightNumberField}</arg>
<doc>Waits until element specified with `locator` is visible.</doc>
<msg timestamp="20231205 18:15:05.943" level="INFO">xpath criteria: //android.widget.EditText[@resource-id="com.example.myapplication:id/flight_number"]</msg>
<status status="PASS" starttime="20231205 18:15:05.894" endtime="20231205 18:15:05.943"/>
</kw>
<kw name="Wait Until Element Is Visible" library="AppiumLibrary">
<arg>${searchFlightButton2}</arg>
<doc>Waits until element specified with `locator` is visible.</doc>
<msg timestamp="20231205 18:15:05.984" level="INFO">xpath criteria: //android.widget.Button[@resource-id="com.example.myapplication:id/searchFlight"]</msg>
<status status="PASS" starttime="20231205 18:15:05.943" endtime="20231205 18:15:05.984"/>
</kw>
<status status="PASS" starttime="20231205 18:15:04.903" endtime="20231205 18:15:05.984"/>
</kw>
<kw name="Input Empty Flight Number" library="searchPage">
<kw name="Input Text" library="AppiumLibrary">
<arg>${enterFlightNumberField}</arg>
<arg>${EMPTY}</arg>
<doc>Types the given `text` into text field identified by `locator`.</doc>
<msg timestamp="20231205 18:15:05.987" level="INFO">Typing text '' into text field '//android.widget.EditText[@resource-id="com.example.myapplication:id/flight_number"]'</msg>
<msg timestamp="20231205 18:15:06.066" level="INFO">xpath criteria: //android.widget.EditText[@resource-id="com.example.myapplication:id/flight_number"]</msg>
<status status="PASS" starttime="20231205 18:15:05.985" endtime="20231205 18:15:06.066"/>
</kw>
<status status="PASS" starttime="20231205 18:15:05.985" endtime="20231205 18:15:06.066"/>
</kw>
<kw name="Click Search Flight Number Button" library="searchPage">
<kw name="Click Element" library="AppiumLibrary">
<arg>${searchFlightButton2}</arg>
<doc>Click element identified by `locator`.</doc>
<msg timestamp="20231205 18:15:06.068" level="INFO">Clicking element '//android.widget.Button[@resource-id="com.example.myapplication:id/searchFlight"]'.</msg>
<msg timestamp="20231205 18:15:06.600" level="INFO">xpath criteria: //android.widget.Button[@resource-id="com.example.myapplication:id/searchFlight"]</msg>
<status status="PASS" starttime="20231205 18:15:06.067" endtime="20231205 18:15:06.601"/>
</kw>
<status status="PASS" starttime="20231205 18:15:06.067" endtime="20231205 18:15:06.601"/>
</kw>
<kw name="Close Application" library="AppiumLibrary">
<doc>Closes the current application and also close webdriver session.</doc>
<status status="PASS" starttime="20231205 18:15:06.602" endtime="20231205 18:15:07.041"/>
</kw>
<status status="PASS" starttime="20231205 18:14:54.419" endtime="20231205 18:15:07.042"/>
</test>
<test id="s1-t4" name="Verify Failed Search Flight Number - Lowercase Flight Number" line="37">
<kw name="Verify Login Successfully" library="searchPage">
<kw name="open flight application" library="base">
<kw name="Open Application" library="AppiumLibrary">
<arg>remote_url=${remote-url}</arg>
<arg>platformName=${platform-name}</arg>
<arg>platformVersion=${platform-version}</arg>
<arg>deviceName=${device-name}</arg>
<arg>appPackage=${app-package}</arg>
<arg>appActivity=${app-activity}</arg>
<doc>Opens a new application to given Appium server.
Capabilities of appium server, Android and iOS,
Please check https://github.com/appium/appium/blob/master/docs/en/writing-running-appium/server-args.md
| *Option*            | *Man.* | *Description*     |
| remote_url          | Yes    | Appium server url |
| alias               | no     | alias             |
| strict_ssl          | No     | allows you to send commands to an invalid certificate host like a self-signed one. |</doc>
<status status="PASS" starttime="20231205 18:15:07.044" endtime="20231205 18:15:13.811"/>
</kw>
<status status="PASS" starttime="20231205 18:15:07.044" endtime="20231205 18:15:13.811"/>
</kw>
<kw name="Verify Homepage Appears" library="homePage">
<kw name="Wait Until Element Is Visible" library="AppiumLibrary">
<arg>${appLogo}</arg>
<doc>Waits until element specified with `locator` is visible.</doc>
<msg timestamp="20231205 18:15:14.733" level="INFO">xpath criteria: //android.widget.ImageView[@resource-id="com.example.myapplication:id/imageView4"]</msg>
<status status="PASS" starttime="20231205 18:15:13.813" endtime="20231205 18:15:14.733"/>
</kw>
<kw name="Wait Until Element Is Visible" library="AppiumLibrary">
<arg>${signInButton}</arg>
<doc>Waits until element specified with `locator` is visible.</doc>
<msg timestamp="20231205 18:15:14.796" level="INFO">xpath criteria: //android.widget.Button[@resource-id="com.example.myapplication:id/login"]</msg>
<status status="PASS" starttime="20231205 18:15:14.733" endtime="20231205 18:15:14.796"/>
</kw>
<kw name="Wait Until Element Is Visible" library="AppiumLibrary">
<arg>${searchButton}</arg>
<doc>Waits until element specified with `locator` is visible.</doc>
<msg timestamp="20231205 18:15:14.863" level="INFO">xpath criteria: //android.widget.Button[@resource-id="com.example.myapplication:id/button6" and @text="Search"]</msg>
<status status="PASS" starttime="20231205 18:15:14.796" endtime="20231205 18:15:14.863"/>
</kw>
<kw name="Wait Until Element Is Visible" library="AppiumLibrary">
<arg>${checkInButton}</arg>
<doc>Waits until element specified with `locator` is visible.</doc>
<msg timestamp="20231205 18:15:14.938" level="INFO">xpath criteria: //android.widget.Button[@resource-id="com.example.myapplication:id/button6" and @text="Check in"]</msg>
<status status="PASS" starttime="20231205 18:15:14.863" endtime="20231205 18:15:14.938"/>
</kw>
<status status="PASS" starttime="20231205 18:15:13.811" endtime="20231205 18:15:14.938"/>
</kw>
<kw name="Click Sign In on Homepage" library="homePage">
<kw name="Click Element" library="AppiumLibrary">
<arg>${signInButton}</arg>
<doc>Click element identified by `locator`.</doc>
<msg timestamp="20231205 18:15:14.939" level="INFO">Clicking element '//android.widget.Button[@resource-id="com.example.myapplication:id/login"]'.</msg>
<msg timestamp="20231205 18:15:15.047" level="INFO">xpath criteria: //android.widget.Button[@resource-id="com.example.myapplication:id/login"]</msg>
<status status="PASS" starttime="20231205 18:15:14.938" endtime="20231205 18:15:15.047"/>
</kw>
<status status="PASS" starttime="20231205 18:15:14.938" endtime="20231205 18:15:15.048"/>
</kw>
<kw name="Verify Sign In Page Appears" library="signInPage">
<kw name="Wait Until Element Is Visible" library="AppiumLibrary">
<arg>${appLogo2}</arg>
<doc>Waits until element specified with `locator` is visible.</doc>
<msg timestamp="20231205 18:15:15.839" level="INFO">xpath criteria: //android.widget.ImageView[@resource-id="com.example.myapplication:id/imageView3"]
xpath criteria: //android.widget.ImageView[@resource-id="com.example.myapplication:id/imageView3"]</msg>
<status status="PASS" starttime="20231205 18:15:15.048" endtime="20231205 18:15:15.839"/>
</kw>
<kw name="Wait Until Element Is Visible" library="AppiumLibrary">
<arg>${signInButton2}</arg>
<doc>Waits until element specified with `locator` is visible.</doc>
<msg timestamp="20231205 18:15:15.889" level="INFO">xpath criteria: //android.widget.Button[@resource-id="com.example.myapplication:id/signIn"]</msg>
<status status="PASS" starttime="20231205 18:15:15.839" endtime="20231205 18:15:15.889"/>
</kw>
<kw name="Wait Until Element Is Visible" library="AppiumLibrary">
<arg>${userNameField}</arg>
<doc>Waits until element specified with `locator` is visible.</doc>
<msg timestamp="20231205 18:15:15.939" level="INFO">xpath criteria: //android.widget.EditText[@resource-id="com.example.myapplication:id/username"]</msg>
<status status="PASS" starttime="20231205 18:15:15.889" endtime="20231205 18:15:15.939"/>
</kw>
<kw name="Wait Until Element Is Visible" library="AppiumLibrary">
<arg>${passwordField}</arg>
<doc>Waits until element specified with `locator` is visible.</doc>
<msg timestamp="20231205 18:15:15.987" level="INFO">xpath criteria: //android.widget.EditText[@resource-id="com.example.myapplication:id/password"]</msg>
<status status="PASS" starttime="20231205 18:15:15.940" endtime="20231205 18:15:15.987"/>
</kw>
<status status="PASS" starttime="20231205 18:15:15.048" endtime="20231205 18:15:15.987"/>
</kw>
<kw name="Input Valid User Name" library="signInPage">
<kw name="Input Text" library="AppiumLibrary">
<arg>${userNameField}</arg>
<arg>support@ngendigital.com</arg>
<doc>Types the given `text` into text field identified by `locator`.</doc>
<msg timestamp="20231205 18:15:15.989" level="INFO">Typing text 'support@ngendigital.com' into text field '//android.widget.EditText[@resource-id="com.example.myapplication:id/username"]'</msg>
<msg timestamp="20231205 18:15:16.060" level="INFO">xpath criteria: //android.widget.EditText[@resource-id="com.example.myapplication:id/username"]</msg>
<status status="PASS" starttime="20231205 18:15:15.987" endtime="20231205 18:15:16.060"/>
</kw>
<status status="PASS" starttime="20231205 18:15:15.987" endtime="20231205 18:15:16.060"/>
</kw>
<kw name="Input Valid Password" library="signInPage">
<kw name="Input Password" library="AppiumLibrary">
<arg>${passwordField}</arg>
<arg>abc123</arg>
<doc>Types the given password into text field identified by `locator`.</doc>
<msg timestamp="20231205 18:15:16.063" level="INFO">Typing password into text field '//android.widget.EditText[@resource-id="com.example.myapplication:id/password"]'</msg>
<msg timestamp="20231205 18:15:16.612" level="INFO">xpath criteria: //android.widget.EditText[@resource-id="com.example.myapplication:id/password"]</msg>
<status status="PASS" starttime="20231205 18:15:16.061" endtime="20231205 18:15:16.612"/>
</kw>
<status status="PASS" starttime="20231205 18:15:16.061" endtime="20231205 18:15:16.612"/>
</kw>
<kw name="Click Sign In Button" library="signInPage">
<kw name="Click Element" library="AppiumLibrary">
<arg>${signInButton2}</arg>
<doc>Click element identified by `locator`.</doc>
<msg timestamp="20231205 18:15:16.613" level="INFO">Clicking element '//android.widget.Button[@resource-id="com.example.myapplication:id/signIn"]'.</msg>
<msg timestamp="20231205 18:15:17.182" level="INFO">xpath criteria: //android.widget.Button[@resource-id="com.example.myapplication:id/signIn"]</msg>
<status status="PASS" starttime="20231205 18:15:16.612" endtime="20231205 18:15:17.182"/>
</kw>
<status status="PASS" starttime="20231205 18:15:16.612" endtime="20231205 18:15:17.182"/>
</kw>
<kw name="Verify Dashboard Page Appears" library="dashboardPage">
<kw name="Wait Until Element Is Visible" library="AppiumLibrary">
<arg>${userName}</arg>
<doc>Waits until element specified with `locator` is visible.</doc>
<msg timestamp="20231205 18:15:18.168" level="INFO">xpath criteria: //android.widget.TextView[@resource-id="com.example.myapplication:id/textView"]
xpath criteria: //android.widget.TextView[@resource-id="com.example.myapplication:id/textView"]</msg>
<status status="PASS" starttime="20231205 18:15:17.183" endtime="20231205 18:15:18.168"/>
</kw>
<kw name="Wait Until Element Is Visible" library="AppiumLibrary">
<arg>${signOutButton}</arg>
<doc>Waits until element specified with `locator` is visible.</doc>
<msg timestamp="20231205 18:15:18.208" level="INFO">xpath criteria: //android.widget.Button[@resource-id="com.example.myapplication:id/login"]</msg>
<status status="PASS" starttime="20231205 18:15:18.168" endtime="20231205 18:15:18.208"/>
</kw>
<kw name="Element Text Should Be" library="AppiumLibrary">
<arg>${signOutButton}</arg>
<arg>Sign Out</arg>
<doc>Verifies element identified by ``locator`` exactly contains text ``expected``.</doc>
<msg timestamp="20231205 18:15:18.209" level="INFO">Verifying element '//android.widget.Button[@resource-id="com.example.myapplication:id/login"]' contains exactly text 'Sign Out'.</msg>
<msg timestamp="20231205 18:15:18.249" level="INFO">xpath criteria: //android.widget.Button[@resource-id="com.example.myapplication:id/login"]</msg>
<status status="PASS" starttime="20231205 18:15:18.208" endtime="20231205 18:15:18.249"/>
</kw>
<status status="PASS" starttime="20231205 18:15:17.182" endtime="20231205 18:15:18.249"/>
</kw>
<status status="PASS" starttime="20231205 18:15:07.044" endtime="20231205 18:15:18.249"/>
</kw>
<kw name="Click Search Flight Number">
<kw name="Click Element" library="AppiumLibrary">
<arg>//android.widget.Button[@resource-id="com.example.myapplication:id/search_flight"]</arg>
<doc>Click element identified by `locator`.</doc>
<msg timestamp="20231205 18:15:18.250" level="INFO">Clicking element '//android.widget.Button[@resource-id="com.example.myapplication:id/search_flight"]'.</msg>
<msg timestamp="20231205 18:15:18.318" level="INFO">xpath criteria: //android.widget.Button[@resource-id="com.example.myapplication:id/search_flight"]</msg>
<status status="PASS" starttime="20231205 18:15:18.249" endtime="20231205 18:15:18.318"/>
</kw>
<status status="PASS" starttime="20231205 18:15:18.249" endtime="20231205 18:15:18.318"/>
</kw>
<kw name="Verify Search Page Appears" library="searchPage">
<kw name="Wait Until Element Is Visible" library="AppiumLibrary">
<arg>${flightNumberTitleField}</arg>
<doc>Waits until element specified with `locator` is visible.</doc>
<msg timestamp="20231205 18:15:19.339" level="INFO">xpath criteria: //android.widget.TextView[@resource-id="com.example.myapplication:id/enterFlight"]
xpath criteria: //android.widget.TextView[@resource-id="com.example.myapplication:id/enterFlight"]</msg>
<status status="PASS" starttime="20231205 18:15:18.319" endtime="20231205 18:15:19.339"/>
</kw>
<kw name="Wait Until Element Is Visible" library="AppiumLibrary">
<arg>${enterFlightNumberField}</arg>
<doc>Waits until element specified with `locator` is visible.</doc>
<msg timestamp="20231205 18:15:19.380" level="INFO">xpath criteria: //android.widget.EditText[@resource-id="com.example.myapplication:id/flight_number"]</msg>
<status status="PASS" starttime="20231205 18:15:19.339" endtime="20231205 18:15:19.381"/>
</kw>
<kw name="Wait Until Element Is Visible" library="AppiumLibrary">
<arg>${searchFlightButton2}</arg>
<doc>Waits until element specified with `locator` is visible.</doc>
<msg timestamp="20231205 18:15:19.430" level="INFO">xpath criteria: //android.widget.Button[@resource-id="com.example.myapplication:id/searchFlight"]</msg>
<status status="PASS" starttime="20231205 18:15:19.381" endtime="20231205 18:15:19.430"/>
</kw>
<status status="PASS" starttime="20231205 18:15:18.318" endtime="20231205 18:15:19.430"/>
</kw>
<kw name="Input Valid Flight Number - Lowercase" library="searchPage">
<kw name="Input Text" library="AppiumLibrary">
<arg>${enterFlightNumberField}</arg>
<arg>da935</arg>
<doc>Types the given `text` into text field identified by `locator`.</doc>
<msg timestamp="20231205 18:15:19.432" level="INFO">Typing text 'da935' into text field '//android.widget.EditText[@resource-id="com.example.myapplication:id/flight_number"]'</msg>
<msg timestamp="20231205 18:15:19.501" level="INFO">xpath criteria: //android.widget.EditText[@resource-id="com.example.myapplication:id/flight_number"]</msg>
<status status="PASS" starttime="20231205 18:15:19.430" endtime="20231205 18:15:19.501"/>
</kw>
<status status="PASS" starttime="20231205 18:15:19.430" endtime="20231205 18:15:19.501"/>
</kw>
<kw name="Click Search Flight Number Button" library="searchPage">
<kw name="Click Element" library="AppiumLibrary">
<arg>${searchFlightButton2}</arg>
<doc>Click element identified by `locator`.</doc>
<msg timestamp="20231205 18:15:19.503" level="INFO">Clicking element '//android.widget.Button[@resource-id="com.example.myapplication:id/searchFlight"]'.</msg>
<msg timestamp="20231205 18:15:20.067" level="INFO">xpath criteria: //android.widget.Button[@resource-id="com.example.myapplication:id/searchFlight"]</msg>
<status status="PASS" starttime="20231205 18:15:19.501" endtime="20231205 18:15:20.067"/>
</kw>
<status status="PASS" starttime="20231205 18:15:19.501" endtime="20231205 18:15:20.067"/>
</kw>
<kw name="Close Application" library="AppiumLibrary">
<doc>Closes the current application and also close webdriver session.</doc>
<status status="PASS" starttime="20231205 18:15:20.067" endtime="20231205 18:15:20.429"/>
</kw>
<status status="PASS" starttime="20231205 18:15:07.044" endtime="20231205 18:15:20.429"/>
</test>
<test id="s1-t5" name="Verify Failed Search Flight Number - Combination of Lowercase &amp; Uppercase Flight Number" line="45">
<kw name="Verify Login Successfully" library="searchPage">
<kw name="open flight application" library="base">
<kw name="Open Application" library="AppiumLibrary">
<arg>remote_url=${remote-url}</arg>
<arg>platformName=${platform-name}</arg>
<arg>platformVersion=${platform-version}</arg>
<arg>deviceName=${device-name}</arg>
<arg>appPackage=${app-package}</arg>
<arg>appActivity=${app-activity}</arg>
<doc>Opens a new application to given Appium server.
Capabilities of appium server, Android and iOS,
Please check https://github.com/appium/appium/blob/master/docs/en/writing-running-appium/server-args.md
| *Option*            | *Man.* | *Description*     |
| remote_url          | Yes    | Appium server url |
| alias               | no     | alias             |
| strict_ssl          | No     | allows you to send commands to an invalid certificate host like a self-signed one. |</doc>
<status status="PASS" starttime="20231205 18:15:20.432" endtime="20231205 18:15:26.922"/>
</kw>
<status status="PASS" starttime="20231205 18:15:20.431" endtime="20231205 18:15:26.922"/>
</kw>
<kw name="Verify Homepage Appears" library="homePage">
<kw name="Wait Until Element Is Visible" library="AppiumLibrary">
<arg>${appLogo}</arg>
<doc>Waits until element specified with `locator` is visible.</doc>
<msg timestamp="20231205 18:15:27.882" level="INFO">xpath criteria: //android.widget.ImageView[@resource-id="com.example.myapplication:id/imageView4"]</msg>
<status status="PASS" starttime="20231205 18:15:26.922" endtime="20231205 18:15:27.882"/>
</kw>
<kw name="Wait Until Element Is Visible" library="AppiumLibrary">
<arg>${signInButton}</arg>
<doc>Waits until element specified with `locator` is visible.</doc>
<msg timestamp="20231205 18:15:27.971" level="INFO">xpath criteria: //android.widget.Button[@resource-id="com.example.myapplication:id/login"]</msg>
<status status="PASS" starttime="20231205 18:15:27.882" endtime="20231205 18:15:27.971"/>
</kw>
<kw name="Wait Until Element Is Visible" library="AppiumLibrary">
<arg>${searchButton}</arg>
<doc>Waits until element specified with `locator` is visible.</doc>
<msg timestamp="20231205 18:15:28.063" level="INFO">xpath criteria: //android.widget.Button[@resource-id="com.example.myapplication:id/button6" and @text="Search"]</msg>
<status status="PASS" starttime="20231205 18:15:27.971" endtime="20231205 18:15:28.063"/>
</kw>
<kw name="Wait Until Element Is Visible" library="AppiumLibrary">
<arg>${checkInButton}</arg>
<doc>Waits until element specified with `locator` is visible.</doc>
<msg timestamp="20231205 18:15:28.155" level="INFO">xpath criteria: //android.widget.Button[@resource-id="com.example.myapplication:id/button6" and @text="Check in"]</msg>
<status status="PASS" starttime="20231205 18:15:28.063" endtime="20231205 18:15:28.156"/>
</kw>
<status status="PASS" starttime="20231205 18:15:26.922" endtime="20231205 18:15:28.156"/>
</kw>
<kw name="Click Sign In on Homepage" library="homePage">
<kw name="Click Element" library="AppiumLibrary">
<arg>${signInButton}</arg>
<doc>Click element identified by `locator`.</doc>
<msg timestamp="20231205 18:15:28.158" level="INFO">Clicking element '//android.widget.Button[@resource-id="com.example.myapplication:id/login"]'.</msg>
<msg timestamp="20231205 18:15:28.268" level="INFO">xpath criteria: //android.widget.Button[@resource-id="com.example.myapplication:id/login"]</msg>
<status status="PASS" starttime="20231205 18:15:28.156" endtime="20231205 18:15:28.268"/>
</kw>
<status status="PASS" starttime="20231205 18:15:28.156" endtime="20231205 18:15:28.268"/>
</kw>
<kw name="Verify Sign In Page Appears" library="signInPage">
<kw name="Wait Until Element Is Visible" library="AppiumLibrary">
<arg>${appLogo2}</arg>
<doc>Waits until element specified with `locator` is visible.</doc>
<msg timestamp="20231205 18:15:29.037" level="INFO">xpath criteria: //android.widget.ImageView[@resource-id="com.example.myapplication:id/imageView3"]
xpath criteria: //android.widget.ImageView[@resource-id="com.example.myapplication:id/imageView3"]</msg>
<status status="PASS" starttime="20231205 18:15:28.268" endtime="20231205 18:15:29.037"/>
</kw>
<kw name="Wait Until Element Is Visible" library="AppiumLibrary">
<arg>${signInButton2}</arg>
<doc>Waits until element specified with `locator` is visible.</doc>
<msg timestamp="20231205 18:15:29.105" level="INFO">xpath criteria: //android.widget.Button[@resource-id="com.example.myapplication:id/signIn"]</msg>
<status status="PASS" starttime="20231205 18:15:29.037" endtime="20231205 18:15:29.105"/>
</kw>
<kw name="Wait Until Element Is Visible" library="AppiumLibrary">
<arg>${userNameField}</arg>
<doc>Waits until element specified with `locator` is visible.</doc>
<msg timestamp="20231205 18:15:29.167" level="INFO">xpath criteria: //android.widget.EditText[@resource-id="com.example.myapplication:id/username"]</msg>
<status status="PASS" starttime="20231205 18:15:29.105" endtime="20231205 18:15:29.167"/>
</kw>
<kw name="Wait Until Element Is Visible" library="AppiumLibrary">
<arg>${passwordField}</arg>
<doc>Waits until element specified with `locator` is visible.</doc>
<msg timestamp="20231205 18:15:29.228" level="INFO">xpath criteria: //android.widget.EditText[@resource-id="com.example.myapplication:id/password"]</msg>
<status status="PASS" starttime="20231205 18:15:29.167" endtime="20231205 18:15:29.228"/>
</kw>
<status status="PASS" starttime="20231205 18:15:28.268" endtime="20231205 18:15:29.228"/>
</kw>
<kw name="Input Valid User Name" library="signInPage">
<kw name="Input Text" library="AppiumLibrary">
<arg>${userNameField}</arg>
<arg>support@ngendigital.com</arg>
<doc>Types the given `text` into text field identified by `locator`.</doc>
<msg timestamp="20231205 18:15:29.230" level="INFO">Typing text 'support@ngendigital.com' into text field '//android.widget.EditText[@resource-id="com.example.myapplication:id/username"]'</msg>
<msg timestamp="20231205 18:15:29.306" level="INFO">xpath criteria: //android.widget.EditText[@resource-id="com.example.myapplication:id/username"]</msg>
<status status="PASS" starttime="20231205 18:15:29.228" endtime="20231205 18:15:29.306"/>
</kw>
<status status="PASS" starttime="20231205 18:15:29.228" endtime="20231205 18:15:29.307"/>
</kw>
<kw name="Input Valid Password" library="signInPage">
<kw name="Input Password" library="AppiumLibrary">
<arg>${passwordField}</arg>
<arg>abc123</arg>
<doc>Types the given password into text field identified by `locator`.</doc>
<msg timestamp="20231205 18:15:29.309" level="INFO">Typing password into text field '//android.widget.EditText[@resource-id="com.example.myapplication:id/password"]'</msg>
<msg timestamp="20231205 18:15:29.857" level="INFO">xpath criteria: //android.widget.EditText[@resource-id="com.example.myapplication:id/password"]</msg>
<status status="PASS" starttime="20231205 18:15:29.307" endtime="20231205 18:15:29.857"/>
</kw>
<status status="PASS" starttime="20231205 18:15:29.307" endtime="20231205 18:15:29.857"/>
</kw>
<kw name="Click Sign In Button" library="signInPage">
<kw name="Click Element" library="AppiumLibrary">
<arg>${signInButton2}</arg>
<doc>Click element identified by `locator`.</doc>
<msg timestamp="20231205 18:15:29.859" level="INFO">Clicking element '//android.widget.Button[@resource-id="com.example.myapplication:id/signIn"]'.</msg>
<msg timestamp="20231205 18:15:30.434" level="INFO">xpath criteria: //android.widget.Button[@resource-id="com.example.myapplication:id/signIn"]</msg>
<status status="PASS" starttime="20231205 18:15:29.858" endtime="20231205 18:15:30.434"/>
</kw>
<status status="PASS" starttime="20231205 18:15:29.857" endtime="20231205 18:15:30.434"/>
</kw>
<kw name="Verify Dashboard Page Appears" library="dashboardPage">
<kw name="Wait Until Element Is Visible" library="AppiumLibrary">
<arg>${userName}</arg>
<doc>Waits until element specified with `locator` is visible.</doc>
<msg timestamp="20231205 18:15:31.126" level="INFO">xpath criteria: //android.widget.TextView[@resource-id="com.example.myapplication:id/textView"]
xpath criteria: //android.widget.TextView[@resource-id="com.example.myapplication:id/textView"]</msg>
<status status="PASS" starttime="20231205 18:15:30.435" endtime="20231205 18:15:31.126"/>
</kw>
<kw name="Wait Until Element Is Visible" library="AppiumLibrary">
<arg>${signOutButton}</arg>
<doc>Waits until element specified with `locator` is visible.</doc>
<msg timestamp="20231205 18:15:31.184" level="INFO">xpath criteria: //android.widget.Button[@resource-id="com.example.myapplication:id/login"]</msg>
<status status="PASS" starttime="20231205 18:15:31.127" endtime="20231205 18:15:31.184"/>
</kw>
<kw name="Element Text Should Be" library="AppiumLibrary">
<arg>${signOutButton}</arg>
<arg>Sign Out</arg>
<doc>Verifies element identified by ``locator`` exactly contains text ``expected``.</doc>
<msg timestamp="20231205 18:15:31.186" level="INFO">Verifying element '//android.widget.Button[@resource-id="com.example.myapplication:id/login"]' contains exactly text 'Sign Out'.</msg>
<msg timestamp="20231205 18:15:31.252" level="INFO">xpath criteria: //android.widget.Button[@resource-id="com.example.myapplication:id/login"]</msg>
<status status="PASS" starttime="20231205 18:15:31.184" endtime="20231205 18:15:31.252"/>
</kw>
<status status="PASS" starttime="20231205 18:15:30.434" endtime="20231205 18:15:31.252"/>
</kw>
<status status="PASS" starttime="20231205 18:15:20.431" endtime="20231205 18:15:31.252"/>
</kw>
<kw name="Click Search Flight Number">
<kw name="Click Element" library="AppiumLibrary">
<arg>//android.widget.Button[@resource-id="com.example.myapplication:id/search_flight"]</arg>
<doc>Click element identified by `locator`.</doc>
<msg timestamp="20231205 18:15:31.254" level="INFO">Clicking element '//android.widget.Button[@resource-id="com.example.myapplication:id/search_flight"]'.</msg>
<msg timestamp="20231205 18:15:31.367" level="INFO">xpath criteria: //android.widget.Button[@resource-id="com.example.myapplication:id/search_flight"]</msg>
<status status="PASS" starttime="20231205 18:15:31.253" endtime="20231205 18:15:31.367"/>
</kw>
<status status="PASS" starttime="20231205 18:15:31.252" endtime="20231205 18:15:31.367"/>
</kw>
<kw name="Verify Search Page Appears" library="searchPage">
<kw name="Wait Until Element Is Visible" library="AppiumLibrary">
<arg>${flightNumberTitleField}</arg>
<doc>Waits until element specified with `locator` is visible.</doc>
<msg timestamp="20231205 18:15:32.551" level="INFO">xpath criteria: //android.widget.TextView[@resource-id="com.example.myapplication:id/enterFlight"]
xpath criteria: //android.widget.TextView[@resource-id="com.example.myapplication:id/enterFlight"]</msg>
<status status="PASS" starttime="20231205 18:15:31.368" endtime="20231205 18:15:32.551"/>
</kw>
<kw name="Wait Until Element Is Visible" library="AppiumLibrary">
<arg>${enterFlightNumberField}</arg>
<doc>Waits until element specified with `locator` is visible.</doc>
<msg timestamp="20231205 18:15:32.637" level="INFO">xpath criteria: //android.widget.EditText[@resource-id="com.example.myapplication:id/flight_number"]</msg>
<status status="PASS" starttime="20231205 18:15:32.551" endtime="20231205 18:15:32.637"/>
</kw>
<kw name="Wait Until Element Is Visible" library="AppiumLibrary">
<arg>${searchFlightButton2}</arg>
<doc>Waits until element specified with `locator` is visible.</doc>
<msg timestamp="20231205 18:15:32.698" level="INFO">xpath criteria: //android.widget.Button[@resource-id="com.example.myapplication:id/searchFlight"]</msg>
<status status="PASS" starttime="20231205 18:15:32.637" endtime="20231205 18:15:32.698"/>
</kw>
<status status="PASS" starttime="20231205 18:15:31.368" endtime="20231205 18:15:32.698"/>
</kw>
<kw name="Input Valid Flight Number - Lowercase and Uppercase Combination" library="searchPage">
<kw name="Input Text" library="AppiumLibrary">
<arg>${enterFlightNumberField}</arg>
<arg>dA935</arg>
<doc>Types the given `text` into text field identified by `locator`.</doc>
<msg timestamp="20231205 18:15:32.701" level="INFO">Typing text 'dA935' into text field '//android.widget.EditText[@resource-id="com.example.myapplication:id/flight_number"]'</msg>
<msg timestamp="20231205 18:15:32.798" level="INFO">xpath criteria: //android.widget.EditText[@resource-id="com.example.myapplication:id/flight_number"]</msg>
<status status="PASS" starttime="20231205 18:15:32.698" endtime="20231205 18:15:32.798"/>
</kw>
<status status="PASS" starttime="20231205 18:15:32.698" endtime="20231205 18:15:32.798"/>
</kw>
<kw name="Click Search Flight Number Button" library="searchPage">
<kw name="Click Element" library="AppiumLibrary">
<arg>${searchFlightButton2}</arg>
<doc>Click element identified by `locator`.</doc>
<msg timestamp="20231205 18:15:32.802" level="INFO">Clicking element '//android.widget.Button[@resource-id="com.example.myapplication:id/searchFlight"]'.</msg>
<msg timestamp="20231205 18:15:33.367" level="INFO">xpath criteria: //android.widget.Button[@resource-id="com.example.myapplication:id/searchFlight"]</msg>
<status status="PASS" starttime="20231205 18:15:32.799" endtime="20231205 18:15:33.367"/>
</kw>
<status status="PASS" starttime="20231205 18:15:32.799" endtime="20231205 18:15:33.368"/>
</kw>
<kw name="Close Application" library="AppiumLibrary">
<doc>Closes the current application and also close webdriver session.</doc>
<status status="PASS" starttime="20231205 18:15:33.368" endtime="20231205 18:15:33.743"/>
</kw>
<status status="PASS" starttime="20231205 18:15:20.430" endtime="20231205 18:15:33.743"/>
</test>
<test id="s1-t6" name="Verify Search Flight Number When User Not Logged In" line="53">
<kw name="open flight application" library="base">
<kw name="Open Application" library="AppiumLibrary">
<arg>remote_url=${remote-url}</arg>
<arg>platformName=${platform-name}</arg>
<arg>platformVersion=${platform-version}</arg>
<arg>deviceName=${device-name}</arg>
<arg>appPackage=${app-package}</arg>
<arg>appActivity=${app-activity}</arg>
<doc>Opens a new application to given Appium server.
Capabilities of appium server, Android and iOS,
Please check https://github.com/appium/appium/blob/master/docs/en/writing-running-appium/server-args.md
| *Option*            | *Man.* | *Description*     |
| remote_url          | Yes    | Appium server url |
| alias               | no     | alias             |
| strict_ssl          | No     | allows you to send commands to an invalid certificate host like a self-signed one. |</doc>
<status status="PASS" starttime="20231205 18:15:33.746" endtime="20231205 18:15:40.563"/>
</kw>
<status status="PASS" starttime="20231205 18:15:33.745" endtime="20231205 18:15:40.563"/>
</kw>
<kw name="Verify Homepage Appears" library="homePage">
<kw name="Wait Until Element Is Visible" library="AppiumLibrary">
<arg>${appLogo}</arg>
<doc>Waits until element specified with `locator` is visible.</doc>
<msg timestamp="20231205 18:15:41.577" level="INFO">xpath criteria: //android.widget.ImageView[@resource-id="com.example.myapplication:id/imageView4"]</msg>
<status status="PASS" starttime="20231205 18:15:40.564" endtime="20231205 18:15:41.577"/>
</kw>
<kw name="Wait Until Element Is Visible" library="AppiumLibrary">
<arg>${signInButton}</arg>
<doc>Waits until element specified with `locator` is visible.</doc>
<msg timestamp="20231205 18:15:41.661" level="INFO">xpath criteria: //android.widget.Button[@resource-id="com.example.myapplication:id/login"]</msg>
<status status="PASS" starttime="20231205 18:15:41.577" endtime="20231205 18:15:41.661"/>
</kw>
<kw name="Wait Until Element Is Visible" library="AppiumLibrary">
<arg>${searchButton}</arg>
<doc>Waits until element specified with `locator` is visible.</doc>
<msg timestamp="20231205 18:15:41.743" level="INFO">xpath criteria: //android.widget.Button[@resource-id="com.example.myapplication:id/button6" and @text="Search"]</msg>
<status status="PASS" starttime="20231205 18:15:41.661" endtime="20231205 18:15:41.743"/>
</kw>
<kw name="Wait Until Element Is Visible" library="AppiumLibrary">
<arg>${checkInButton}</arg>
<doc>Waits until element specified with `locator` is visible.</doc>
<msg timestamp="20231205 18:15:41.836" level="INFO">xpath criteria: //android.widget.Button[@resource-id="com.example.myapplication:id/button6" and @text="Check in"]</msg>
<status status="PASS" starttime="20231205 18:15:41.743" endtime="20231205 18:15:41.836"/>
</kw>
<status status="PASS" starttime="20231205 18:15:40.564" endtime="20231205 18:15:41.836"/>
</kw>
<kw name="Close Application" library="AppiumLibrary">
<doc>Closes the current application and also close webdriver session.</doc>
<status status="PASS" starttime="20231205 18:15:41.837" endtime="20231205 18:15:42.224"/>
</kw>
<status status="PASS" starttime="20231205 18:15:33.745" endtime="20231205 18:15:42.224"/>
</test>
<status status="PASS" starttime="20231205 18:14:28.899" endtime="20231205 18:15:42.225"/>
</suite>
<statistics>
<total>
<stat pass="6" fail="0" skip="0">All Tests</stat>
</total>
<tag>
</tag>
<suite>
<stat pass="6" fail="0" skip="0" id="s1" name="searchFlightNumber">searchFlightNumber</stat>
</suite>
</statistics>
<errors>
</errors>
</robot>
